<?xml version="1.0" encoding="UTF-8"?>
<!-- Generated by org.testng.reporters.JUnitReportReporter -->
<testsuite hostname="LAPTOP-L8EE4T9K" failures="0" tests="1" name="com.Centurian_Admission_Form_TNG.Verify_login_again_TNG_Test" time="31.449" errors="0" timestamp="2022-08-23T15:18:09 IST" skipped="0">
  <testcase classname="com.Centurian_Admission_Form_TNG.Verify_login_again_TNG_Test" name="Admission_Form" time="31.449"/>
  <system-out/>
</testsuite> <!-- com.Centurian_Admission_Form_TNG.Verify_login_again_TNG_Test -->
