<?xml version="1.0" encoding="UTF-8"?>
<!-- Generated by org.testng.reporters.JUnitReportReporter -->
<testsuite hostname="LAPTOP-L8EE4T9K" failures="0" tests="1" name="com.Centurian_Admission_Form.Admission_Form.Login__" time="25.239" errors="0" timestamp="2022-08-16T16:28:05 IST" skipped="0">
  <testcase classname="com.Centurian_Admission_Form.Admission_Form.Login__" name="Testcase" time="25.239"/>
  <system-out/>
</testsuite> <!-- com.Centurian_Admission_Form.Admission_Form.Login__ -->
